-e [0;35m[2024-08-26 12:50:39] Current branch: master[0m
-e [0;32m[2024-08-26 12:50:39] Repository check completed for ./002-personal/001-deep-projects/004-deepSculpt[0m
-e [0;35m[2024-08-26 12:52:55] Current branch: master[0m
-e [0;32m[2024-08-26 12:52:55] Repository check completed for ./002-personal/001-deep-projects/004-deepSculpt[0m
-e [0;35m[2024-08-26 12:56:52] Current branch: master[0m
-e [0;32m[2024-08-26 12:56:52] Repository check completed for ./002-personal/001-deep-projects/004-deepSculpt[0m
-e [0;35m[2024-08-26 13:06:27] Current branch: master[0m
-e [0;33m[2024-08-26 13:06:27] Repository has changes:[0m
-e [0;32m[2024-08-26 13:06:27] Repository is up to date[0m
-e [0;32m[2024-08-26 13:06:27] Repository check completed for ./002-personal/001-deep-projects/004-deepSculpt[0m
-e [0;35m[2024-08-26 13:07:21] Current branch: master[0m
-e [0;34m[2024-08-26 13:07:21] Pulling updates...[0m
-e [0;34m[2024-08-26 13:07:22] Pull output:[0m
-e [0;32m[2024-08-26 13:07:22] Repository is already up to date[0m
-e [0;32m[2024-08-26 13:07:22] Repository check completed for ./002-personal/001-deep-projects/004-deepSculpt[0m
-e [0;35m[2024-08-26 13:09:53] Current branch: master[0m
-e [0;33m[2024-08-26 13:09:53] Repository has changes:[0m
-e [0;32m[2024-08-26 13:09:53] Repository is up to date[0m
-e [0;32m[2024-08-26 13:09:53] Repository check completed for ./002-personal/001-deep-projects/004-deepSculpt[0m
-e [0;35m[2024-09-07 23:23:46] Current branch: master[0m
-e [0;32m[2024-09-07 23:23:46] Repository check completed for ./002-personal/001-deep-projects/004-deepSculpt[0m
